-- The C compiler identification is GNU 11.4.0
-- The CXX compiler identification is GNU 11.4.0
-- Detecting C compiler ABI info
-- Detecting C compiler ABI info - done
-- Check for working C compiler: /usr/bin/cc - skipped
-- Detecting C compile features
-- Detecting C compile features - done
-- Detecting CXX compiler ABI info
-- Detecting CXX compiler ABI info - done
-- Check for working CXX compiler: /usr/bin/c++ - skipped
-- Detecting CXX compile features
-- Detecting CXX compile features - done
-- Found ament_cmake: 1.3.12 (/opt/ros/humble/share/ament_cmake/cmake)
-- Found Python3: /usr/bin/python3 (found version "3.10.12") found components: Interpreter 
-- Override CMake install command with custom implementation using symlinks instead of copying resources
-- Found std_msgs: 4.9.0 (/opt/ros/humble/share/std_msgs/cmake)
-- Found rosidl_generator_c: 3.1.7 (/opt/ros/humble/share/rosidl_generator_c/cmake)
-- Found rosidl_adapter: 3.1.7 (/opt/ros/humble/share/rosidl_adapter/cmake)
-- Found rosidl_generator_cpp: 3.1.7 (/opt/ros/humble/share/rosidl_generator_cpp/cmake)
-- Using all available rosidl_typesupport_c: rosidl_typesupport_fastrtps_c;rosidl_typesupport_introspection_c
-- Using all available rosidl_typesupport_cpp: rosidl_typesupport_fastrtps_cpp;rosidl_typesupport_introspection_cpp
-- Found ament_lint_auto: 0.12.14 (/opt/ros/humble/share/ament_lint_auto/cmake)
-- Added test 'flake8' to check Python code syntax and style conventions
-- Added test 'lint_cmake' to check CMake code style
-- Added test 'pep257' to check Python code against some of the docstring style conventions in PEP 257
-- Added test 'xmllint' to check XML markup files
-- Configuring done
-- Generating done
-- Build files have been written to: /home/achref/ROS2_Humble/Light_Controller/build/robot_led_control
-- Install configuration: ""
-- Execute custom install script
-- Symlinking: /home/achref/ROS2_Humble/Light_Controller/install/robot_led_control/lib/robot_led_control/state_controller.py
-- Symlinking: /home/achref/ROS2_Humble/Light_Controller/install/robot_led_control/lib/robot_led_control/state_led_bridge.py
-- Symlinking: /home/achref/ROS2_Humble/Light_Controller/install/robot_led_control/share/ament_index/resource_index/package_run_dependencies/robot_led_control
-- Symlinking: /home/achref/ROS2_Humble/Light_Controller/install/robot_led_control/share/ament_index/resource_index/parent_prefix_path/robot_led_control
-- Symlinking: /home/achref/ROS2_Humble/Light_Controller/install/robot_led_control/share/robot_led_control/environment/ament_prefix_path.sh
-- Symlinking: /home/achref/ROS2_Humble/Light_Controller/install/robot_led_control/share/robot_led_control/environment/ament_prefix_path.dsv
-- Symlinking: /home/achref/ROS2_Humble/Light_Controller/install/robot_led_control/share/robot_led_control/environment/path.sh
-- Symlinking: /home/achref/ROS2_Humble/Light_Controller/install/robot_led_control/share/robot_led_control/environment/path.dsv
-- Symlinking: /home/achref/ROS2_Humble/Light_Controller/install/robot_led_control/share/robot_led_control/local_setup.bash
-- Symlinking: /home/achref/ROS2_Humble/Light_Controller/install/robot_led_control/share/robot_led_control/local_setup.sh
-- Symlinking: /home/achref/ROS2_Humble/Light_Controller/install/robot_led_control/share/robot_led_control/local_setup.zsh
-- Symlinking: /home/achref/ROS2_Humble/Light_Controller/install/robot_led_control/share/robot_led_control/local_setup.dsv
-- Symlinking: /home/achref/ROS2_Humble/Light_Controller/install/robot_led_control/share/robot_led_control/package.dsv
-- Symlinking: /home/achref/ROS2_Humble/Light_Controller/install/robot_led_control/share/ament_index/resource_index/packages/robot_led_control
-- Symlinking: /home/achref/ROS2_Humble/Light_Controller/install/robot_led_control/share/robot_led_control/cmake/ament_cmake_export_dependencies-extras.cmake
-- Symlinking: /home/achref/ROS2_Humble/Light_Controller/install/robot_led_control/share/robot_led_control/cmake/robot_led_controlConfig.cmake
-- Symlinking: /home/achref/ROS2_Humble/Light_Controller/install/robot_led_control/share/robot_led_control/cmake/robot_led_controlConfig-version.cmake
-- Symlinking: /home/achref/ROS2_Humble/Light_Controller/install/robot_led_control/share/robot_led_control/package.xml
