[0.007s] Invoking command in '/home/achref/ROS2_Humble/Light_Controller/build/robot_led_control': CMAKE_PREFIX_PATH=${CMAKE_PREFIX_PATH}:/home/achref/ROS2_Humble/mobile_robot_LCD_Display/install/mobile_robot_py:/opt/ros/humble /usr/bin/cmake /home/achref/ROS2_Humble/Light_Controller/src/robot_led_control -DAMENT_CMAKE_SYMLINK_INSTALL=1 -DCMAKE_INSTALL_PREFIX=/home/achref/ROS2_Humble/Light_Controller/install/robot_led_control
[0.048s] -- The C compiler identification is GNU 11.4.0
[0.090s] -- The CXX compiler identification is GNU 11.4.0
[0.095s] -- Detecting C compiler ABI info
[0.147s] -- Detecting C compiler ABI info - done
[0.151s] -- Check for working C compiler: /usr/bin/cc - skipped
[0.151s] -- Detecting C compile features
[0.151s] -- Detecting C compile features - done
[0.153s] -- Detecting CXX compiler ABI info
[0.213s] -- Detecting CXX compiler ABI info - done
[0.217s] -- Check for working CXX compiler: /usr/bin/c++ - skipped
[0.217s] -- Detecting CXX compile features
[0.217s] -- Detecting CXX compile features - done
[0.219s] -- Found ament_cmake: 1.3.12 (/opt/ros/humble/share/ament_cmake/cmake)
[0.320s] -- Found Python3: /usr/bin/python3 (found version "3.10.12") found components: Interpreter 
[0.369s] -- Override CMake install command with custom implementation using symlinks instead of copying resources
[0.389s] -- Found std_msgs: 4.9.0 (/opt/ros/humble/share/std_msgs/cmake)
[0.415s] -- Found rosidl_generator_c: 3.1.7 (/opt/ros/humble/share/rosidl_generator_c/cmake)
[0.419s] -- Found rosidl_adapter: 3.1.7 (/opt/ros/humble/share/rosidl_adapter/cmake)
[0.425s] -- Found rosidl_generator_cpp: 3.1.7 (/opt/ros/humble/share/rosidl_generator_cpp/cmake)
[0.434s] -- Using all available rosidl_typesupport_c: rosidl_typesupport_fastrtps_c;rosidl_typesupport_introspection_c
[0.445s] -- Using all available rosidl_typesupport_cpp: rosidl_typesupport_fastrtps_cpp;rosidl_typesupport_introspection_cpp
[0.464s] -- Found ament_lint_auto: 0.12.14 (/opt/ros/humble/share/ament_lint_auto/cmake)
[0.521s] -- Added test 'flake8' to check Python code syntax and style conventions
[0.522s] -- Added test 'lint_cmake' to check CMake code style
[0.522s] -- Added test 'pep257' to check Python code against some of the docstring style conventions in PEP 257
[0.523s] -- Added test 'xmllint' to check XML markup files
[0.524s] -- Configuring done
[0.527s] -- Generating done
[0.528s] -- Build files have been written to: /home/achref/ROS2_Humble/Light_Controller/build/robot_led_control
[0.534s] Invoked command in '/home/achref/ROS2_Humble/Light_Controller/build/robot_led_control' returned '0': CMAKE_PREFIX_PATH=${CMAKE_PREFIX_PATH}:/home/achref/ROS2_Humble/mobile_robot_LCD_Display/install/mobile_robot_py:/opt/ros/humble /usr/bin/cmake /home/achref/ROS2_Humble/Light_Controller/src/robot_led_control -DAMENT_CMAKE_SYMLINK_INSTALL=1 -DCMAKE_INSTALL_PREFIX=/home/achref/ROS2_Humble/Light_Controller/install/robot_led_control
[0.534s] Invoking command in '/home/achref/ROS2_Humble/Light_Controller/build/robot_led_control': CMAKE_PREFIX_PATH=${CMAKE_PREFIX_PATH}:/home/achref/ROS2_Humble/mobile_robot_LCD_Display/install/mobile_robot_py:/opt/ros/humble /usr/bin/cmake --build /home/achref/ROS2_Humble/Light_Controller/build/robot_led_control -- -j12 -l12
[0.564s] Invoked command in '/home/achref/ROS2_Humble/Light_Controller/build/robot_led_control' returned '0': CMAKE_PREFIX_PATH=${CMAKE_PREFIX_PATH}:/home/achref/ROS2_Humble/mobile_robot_LCD_Display/install/mobile_robot_py:/opt/ros/humble /usr/bin/cmake --build /home/achref/ROS2_Humble/Light_Controller/build/robot_led_control -- -j12 -l12
[0.571s] Invoking command in '/home/achref/ROS2_Humble/Light_Controller/build/robot_led_control': CMAKE_PREFIX_PATH=${CMAKE_PREFIX_PATH}:/home/achref/ROS2_Humble/mobile_robot_LCD_Display/install/mobile_robot_py:/opt/ros/humble /usr/bin/cmake --install /home/achref/ROS2_Humble/Light_Controller/build/robot_led_control
[0.576s] -- Install configuration: ""
[0.576s] -- Execute custom install script
[0.577s] -- Symlinking: /home/achref/ROS2_Humble/Light_Controller/install/robot_led_control/lib/robot_led_control/state_controller.py
[0.583s] -- Symlinking: /home/achref/ROS2_Humble/Light_Controller/install/robot_led_control/lib/robot_led_control/state_led_bridge.py
[0.590s] -- Symlinking: /home/achref/ROS2_Humble/Light_Controller/install/robot_led_control/share/ament_index/resource_index/package_run_dependencies/robot_led_control
[0.597s] -- Symlinking: /home/achref/ROS2_Humble/Light_Controller/install/robot_led_control/share/ament_index/resource_index/parent_prefix_path/robot_led_control
[0.605s] -- Symlinking: /home/achref/ROS2_Humble/Light_Controller/install/robot_led_control/share/robot_led_control/environment/ament_prefix_path.sh
[0.614s] -- Symlinking: /home/achref/ROS2_Humble/Light_Controller/install/robot_led_control/share/robot_led_control/environment/ament_prefix_path.dsv
[0.622s] -- Symlinking: /home/achref/ROS2_Humble/Light_Controller/install/robot_led_control/share/robot_led_control/environment/path.sh
[0.630s] -- Symlinking: /home/achref/ROS2_Humble/Light_Controller/install/robot_led_control/share/robot_led_control/environment/path.dsv
[0.637s] -- Symlinking: /home/achref/ROS2_Humble/Light_Controller/install/robot_led_control/share/robot_led_control/local_setup.bash
[0.645s] -- Symlinking: /home/achref/ROS2_Humble/Light_Controller/install/robot_led_control/share/robot_led_control/local_setup.sh
[0.651s] -- Symlinking: /home/achref/ROS2_Humble/Light_Controller/install/robot_led_control/share/robot_led_control/local_setup.zsh
[0.657s] -- Symlinking: /home/achref/ROS2_Humble/Light_Controller/install/robot_led_control/share/robot_led_control/local_setup.dsv
[0.664s] -- Symlinking: /home/achref/ROS2_Humble/Light_Controller/install/robot_led_control/share/robot_led_control/package.dsv
[0.670s] -- Symlinking: /home/achref/ROS2_Humble/Light_Controller/install/robot_led_control/share/ament_index/resource_index/packages/robot_led_control
[0.677s] -- Symlinking: /home/achref/ROS2_Humble/Light_Controller/install/robot_led_control/share/robot_led_control/cmake/ament_cmake_export_dependencies-extras.cmake
[0.684s] -- Symlinking: /home/achref/ROS2_Humble/Light_Controller/install/robot_led_control/share/robot_led_control/cmake/robot_led_controlConfig.cmake
[0.691s] -- Symlinking: /home/achref/ROS2_Humble/Light_Controller/install/robot_led_control/share/robot_led_control/cmake/robot_led_controlConfig-version.cmake
[0.697s] -- Symlinking: /home/achref/ROS2_Humble/Light_Controller/install/robot_led_control/share/robot_led_control/package.xml
[0.704s] Invoked command in '/home/achref/ROS2_Humble/Light_Controller/build/robot_led_control' returned '0': CMAKE_PREFIX_PATH=${CMAKE_PREFIX_PATH}:/home/achref/ROS2_Humble/mobile_robot_LCD_Display/install/mobile_robot_py:/opt/ros/humble /usr/bin/cmake --install /home/achref/ROS2_Humble/Light_Controller/build/robot_led_control
